
================================================================================
2026-03-18 17:56:11.766346: RECEIVED PROCESS REQUEST
Task ID: 9002efbc-6674-4efb-b0ed-2acdf755a191
Files: ['Adnak/sales/20260318_175608_5085b8_scaled_1000052437_1773856566665_289364536_compressed.jpg']
Force upload: False
================================================================================


BACKGROUND TASK STARTED
2026-03-18 17:56:11.768320: Task ID: 9002efbc-6674-4efb-b0ed-2acdf755a191
Files to process: 1
Force upload: False
Username: Adnak


================================================================================
2026-03-18 18:39:23.817810: RECEIVED PROCESS REQUEST
Task ID: 76886287-6b63-47ae-a2fd-b60c1497e213
Files: ['Adnak/sales/20260318_183920_cc6996_scaled_1000052603_1773859157837_324594354_compressed.jpg', 'Adnak/sales/20260318_183920_0182c8_scaled_1000052575_1773859157839_287360321_compressed.jpg']
Force upload: False
================================================================================


BACKGROUND TASK STARTED
2026-03-18 18:39:23.819685: Task ID: 76886287-6b63-47ae-a2fd-b60c1497e213
Files to process: 2
Force upload: False
Username: Adnak


================================================================================
2026-03-18 18:52:42.595797: RECEIVED PROCESS REQUEST
Task ID: 19827f31-4d3d-47e8-a3d1-225a21b20959
Files: ['Adnak/sales/20260318_185240_a6d3d1_scaled_1000040210_1773859958410_988232359_compressed.jpg']
Force upload: False
================================================================================


BACKGROUND TASK STARTED
2026-03-18 18:52:42.596932: Task ID: 19827f31-4d3d-47e8-a3d1-225a21b20959
Files to process: 1
Force upload: False
Username: Adnak


================================================================================
2026-03-18 19:00:16.015978: RECEIVED PROCESS REQUEST
Task ID: 9a904bb0-329a-4dc4-838d-187577ec3ad0
Files: ['Adnak/sales/20260318_190013_236709_scaled_1000040210_1773860412083_65138026_compressed.jpg']
Force upload: False
================================================================================


BACKGROUND TASK STARTED
2026-03-18 19:00:16.017249: Task ID: 9a904bb0-329a-4dc4-838d-187577ec3ad0
Files to process: 1
Force upload: False
Username: Adnak


================================================================================
2026-03-18 19:03:49.692455: RECEIVED PROCESS REQUEST
Task ID: ae557770-a199-4b47-b19c-064216b1f8c9
Files: ['Adnak/sales/20260318_190347_f18ef3_scaled_1000040189_1773860625347_510489657_compressed.jpg']
Force upload: False
================================================================================


BACKGROUND TASK STARTED
2026-03-18 19:03:49.694161: Task ID: ae557770-a199-4b47-b19c-064216b1f8c9
Files to process: 1
Force upload: False
Username: Adnak


================================================================================
2026-03-18 19:03:56.969273: RECEIVED PROCESS REQUEST
Task ID: f21bb768-1124-4c0d-857b-0080e1496b77
Files: ['Adnak/sales/20260318_190354_99176e_scaled_1000040189_1773860630270_105574884_compressed.jpg']
Force upload: False
================================================================================


BACKGROUND TASK STARTED
2026-03-18 19:03:56.970195: Task ID: f21bb768-1124-4c0d-857b-0080e1496b77
Files to process: 1
Force upload: False
Username: Adnak


================================================================================
2026-03-18 19:08:04.698014: RECEIVED PROCESS REQUEST
Task ID: c0315e2f-cf6a-4e83-9cef-0cbfcc0913a6
Files: ['Adnak/sales/20260318_190802_55d68c_scaled_1000040189_1773860880333_259233668_compressed.jpg']
Force upload: False
================================================================================


BACKGROUND TASK STARTED
2026-03-18 19:08:04.699414: Task ID: c0315e2f-cf6a-4e83-9cef-0cbfcc0913a6
Files to process: 1
Force upload: False
Username: Adnak


================================================================================
2026-03-18 19:08:08.377238: RECEIVED PROCESS REQUEST
Task ID: eaadbf75-bc29-422e-821c-7866467f0054
Files: ['Adnak/sales/20260318_190806_41c3ad_scaled_1000040189_1773860884361_394955989_compressed.jpg']
Force upload: False
================================================================================


BACKGROUND TASK STARTED
2026-03-18 19:08:08.379457: Task ID: eaadbf75-bc29-422e-821c-7866467f0054
Files to process: 1
Force upload: False
Username: Adnak


================================================================================
2026-03-18 19:19:47.482565: RECEIVED PROCESS REQUEST
Task ID: 2298c3ea-8b56-4199-838d-c8fcc9fdb1e3
Files: ['Adnak/sales/20260318_191945_e264f0_scaled_1000052501_1773861582581_630606848_compressed.jpg']
Force upload: False
================================================================================


BACKGROUND TASK STARTED
2026-03-18 19:19:47.483525: Task ID: 2298c3ea-8b56-4199-838d-c8fcc9fdb1e3
Files to process: 1
Force upload: False
Username: Adnak


================================================================================
2026-03-19 06:36:54.515737: RECEIVED PROCESS REQUEST
Task ID: 571e7d2e-12a4-4677-a9cf-227466cd427e
Files: ['Adnak/sales/20260319_063651_95e33c_scaled_1000052511_1773902209947_175751557_compressed.jpg']
Force upload: False
================================================================================


BACKGROUND TASK STARTED
2026-03-19 06:36:54.517451: Task ID: 571e7d2e-12a4-4677-a9cf-227466cd427e
Files to process: 1
Force upload: False
Username: Adnak


================================================================================
2026-03-19 10:44:21.875700: RECEIVED PROCESS REQUEST
Task ID: a405b459-0619-4c74-a101-b641f4ea535d
Files: ['Adnak/sales/20260319_104416_c8010a_scaled_1000052550_1773917052262_373252978_compressed.jpg']
Force upload: False
================================================================================


BACKGROUND TASK STARTED
2026-03-19 10:44:21.876963: Task ID: a405b459-0619-4c74-a101-b641f4ea535d
Files to process: 1
Force upload: False
Username: Adnak


================================================================================
2026-03-19 12:53:47.705597: RECEIVED PROCESS REQUEST
Task ID: 49004546-20d6-417b-a20a-129d0868eb03
Files: ['Adnak/sales/20260319_125345_4aa665_scaled_1000052496_1773924818643_263793245_compressed.jpg']
Force upload: False
================================================================================


BACKGROUND TASK STARTED
2026-03-19 12:53:47.706883: Task ID: 49004546-20d6-417b-a20a-129d0868eb03
Files to process: 1
Force upload: False
Username: Adnak


================================================================================
2026-03-19 16:28:46.867877: RECEIVED PROCESS REQUEST
Task ID: ebcae16f-08ad-49d4-8dcd-ce4e209e8582
Files: ['Adnak/sales/20260319_162842_f13510_scaled_1000052567_1773937720644_1019364154_compressed.jpg']
Force upload: False
================================================================================


BACKGROUND TASK STARTED
2026-03-19 16:28:46.871180: Task ID: ebcae16f-08ad-49d4-8dcd-ce4e209e8582
Files to process: 1
Force upload: False
Username: Adnak


================================================================================
2026-03-19 16:31:07.062424: RECEIVED PROCESS REQUEST
Task ID: a486f935-9add-409e-936f-b322266ebfeb
Files: ['Adnak/sales/20260319_163103_7cd7c6_scaled_1000052575_1773937861586_750871605_compressed.jpg']
Force upload: False
================================================================================


BACKGROUND TASK STARTED
2026-03-19 16:31:07.063161: Task ID: a486f935-9add-409e-936f-b322266ebfeb
Files to process: 1
Force upload: False
Username: Adnak


================================================================================
2026-03-19 18:00:58.081604: RECEIVED PROCESS REQUEST
Task ID: b6fb2eb9-ee71-457a-adaf-4c5a24ee6dc9
Files: ['Adnak/sales/20260319_180053_881d60_scaled_1000052493_1773943249059_633582950_compressed.jpg']
Force upload: False
================================================================================


BACKGROUND TASK STARTED
2026-03-19 18:00:58.083211: Task ID: b6fb2eb9-ee71-457a-adaf-4c5a24ee6dc9
Files to process: 1
Force upload: False
Username: Adnak


================================================================================
2026-03-20 08:42:55.210085: RECEIVED PROCESS REQUEST
Task ID: b2154823-3114-4cd3-8d57-39b3089cdfd2
Files: ['Adnak/sales/20260320_084252_b2bec8_scaled_1000052458_1773996170866_685175240_compressed.jpg']
Force upload: False
================================================================================


BACKGROUND TASK STARTED
2026-03-20 08:42:55.212358: Task ID: b2154823-3114-4cd3-8d57-39b3089cdfd2
Files to process: 1
Force upload: False
Username: Adnak


================================================================================
2026-03-20 15:13:36.411628: RECEIVED PROCESS REQUEST
Task ID: 26ebeb40-6c8f-48b5-9dab-5c7bc7c629bf
Files: ['Adnak/sales/20260320_151334_195860_scaled_1000052474_1774019612257_641125290_compressed.jpg']
Force upload: False
================================================================================


BACKGROUND TASK STARTED
2026-03-20 15:13:36.414028: Task ID: 26ebeb40-6c8f-48b5-9dab-5c7bc7c629bf
Files to process: 1
Force upload: False
Username: Adnak


================================================================================
2026-03-20 17:59:04.155592: RECEIVED PROCESS REQUEST
Task ID: e97eab1b-c8f4-4d1f-81c0-cef1b3cb1441
Files: ['Adnak/sales/20260320_175900_95f99a_scaled_1000052476_1774029537394_549839785_compressed.jpg', 'Adnak/sales/20260320_175900_cc5ec1_scaled_1000052586_1774029537395_239705305_compressed.jpg']
Force upload: False
================================================================================


BACKGROUND TASK STARTED
2026-03-20 17:59:04.156620: Task ID: e97eab1b-c8f4-4d1f-81c0-cef1b3cb1441
Files to process: 2
Force upload: False
Username: Adnak


================================================================================
2026-03-20 18:04:56.845630: RECEIVED PROCESS REQUEST
Task ID: 72d73af9-6cd8-4c57-b8bc-d26121312c30
Files: ['Adnak/sales/20260320_180452_baf215_scaled_1000052293_1774029890895_3823331_compressed.jpg']
Force upload: False
================================================================================


BACKGROUND TASK STARTED
2026-03-20 18:04:56.847080: Task ID: 72d73af9-6cd8-4c57-b8bc-d26121312c30
Files to process: 1
Force upload: False
Username: Adnak


================================================================================
2026-03-20 19:39:28.551543: RECEIVED PROCESS REQUEST
Task ID: 5c48b1ce-0731-45ed-8056-8d277e73056c
Files: ['Adnak/sales/20260320_193925_6b8f2f_scaled_1000052457_1774035563713_203441205_compressed.jpg', 'Adnak/sales/20260320_193925_bc23be_scaled_1000052445_1774035563713_439451335_compressed.jpg']
Force upload: False
================================================================================


BACKGROUND TASK STARTED
2026-03-20 19:39:28.552393: Task ID: 5c48b1ce-0731-45ed-8056-8d277e73056c
Files to process: 2
Force upload: False
Username: Adnak


================================================================================
2026-03-20 19:41:18.020894: RECEIVED PROCESS REQUEST
Task ID: a3e1987c-19c0-464f-b391-35189f6d6b3a
Files: ['Adnak/sales/20260320_194114_48f98e_scaled_1000052536_1774035672337_138153130_compressed.jpg', 'Adnak/sales/20260320_194114_9e19ef_scaled_1000052493_1774035672338_217704667_compressed.jpg']
Force upload: False
================================================================================


BACKGROUND TASK STARTED
2026-03-20 19:41:18.022135: Task ID: a3e1987c-19c0-464f-b391-35189f6d6b3a
Files to process: 2
Force upload: False
Username: Adnak


================================================================================
2026-03-21 05:24:01.185943: RECEIVED PROCESS REQUEST
Task ID: b81f92bc-4533-4e60-aa75-3eba765c0b73
Files: ['Adnak/sales/20260321_052357_ed542a_scaled_1000052452_1774070635928_77560002_compressed.jpg', 'Adnak/sales/20260321_052357_abc56d_scaled_1000052475_1774070635912_179184434_compressed.jpg']
Force upload: False
================================================================================


BACKGROUND TASK STARTED
2026-03-21 05:24:01.188809: Task ID: b81f92bc-4533-4e60-aa75-3eba765c0b73
Files to process: 2
Force upload: False
Username: Adnak


================================================================================
2026-03-21 05:51:16.091389: RECEIVED PROCESS REQUEST
Task ID: 03930422-664b-4f4e-b827-8ca3e5c0d3b8
Files: ['Adnak/sales/20260321_055110_da84f0_scaled_1000052535_1774072267026_247335817_compressed.jpg']
Force upload: False
================================================================================


BACKGROUND TASK STARTED
2026-03-21 05:51:16.094645: Task ID: 03930422-664b-4f4e-b827-8ca3e5c0d3b8
Files to process: 1
Force upload: False
Username: Adnak


================================================================================
2026-03-21 05:55:45.642715: RECEIVED PROCESS REQUEST
Task ID: 90dc10fe-5c4f-4436-b4a0-f634a4660759
Files: ['Adnak/sales/20260321_055542_97a9ed_scaled_1000052455_1774072540879_753977049_compressed.jpg']
Force upload: False
================================================================================


BACKGROUND TASK STARTED
2026-03-21 05:55:45.645038: Task ID: 90dc10fe-5c4f-4436-b4a0-f634a4660759
Files to process: 1
Force upload: False
Username: Adnak


================================================================================
2026-03-21 06:03:22.861115: RECEIVED PROCESS REQUEST
Task ID: 13287f86-1be5-4a2e-ae4e-4c56e9d8d487
Files: ['Adnak/sales/20260321_060320_0849d8_scaled_1000052501_1774072995983_833905248_compressed.jpg']
Force upload: False
================================================================================


BACKGROUND TASK STARTED
2026-03-21 06:03:22.863054: Task ID: 13287f86-1be5-4a2e-ae4e-4c56e9d8d487
Files to process: 1
Force upload: False
Username: Adnak


================================================================================
2026-03-21 06:13:10.907995: RECEIVED PROCESS REQUEST
Task ID: 4112764c-7ec9-455e-b0c3-f95dd2f043e3
Files: ['Adnak/sales/20260321_061307_6a1143_scaled_1000052547_1774073585480_280983262_compressed.jpg']
Force upload: False
================================================================================


BACKGROUND TASK STARTED
2026-03-21 06:13:10.909514: Task ID: 4112764c-7ec9-455e-b0c3-f95dd2f043e3
Files to process: 1
Force upload: False
Username: Adnak


================================================================================
2026-03-21 06:16:25.606806: RECEIVED PROCESS REQUEST
Task ID: 75fcc41c-c707-4901-910f-7e4026731cec
Files: ['Adnak/sales/20260321_061623_fec172_scaled_1000052541_1774073781497_119957463_compressed.jpg']
Force upload: False
================================================================================


BACKGROUND TASK STARTED
2026-03-21 06:16:25.608536: Task ID: 75fcc41c-c707-4901-910f-7e4026731cec
Files to process: 1
Force upload: False
Username: Adnak


================================================================================
2026-03-21 06:48:22.097282: RECEIVED PROCESS REQUEST
Task ID: f28d73d2-44f4-4018-bebd-9f987bce211f
Files: ['Adnak/sales/20260321_064819_cb01e6_scaled_1000052465_1774075697705_421899246_compressed.jpg']
Force upload: False
================================================================================


BACKGROUND TASK STARTED
2026-03-21 06:48:22.101126: Task ID: f28d73d2-44f4-4018-bebd-9f987bce211f
Files to process: 1
Force upload: False
Username: Adnak


================================================================================
2026-03-21 07:19:41.430449: RECEIVED PROCESS REQUEST
Task ID: 72abfb33-97b2-4adf-940e-025e0e7ae3b7
Files: ['Adnak/sales/20260321_071938_7c4055_scaled_1000052463_1774077577030_240032262_compressed.jpg']
Force upload: False
================================================================================


BACKGROUND TASK STARTED
2026-03-21 07:19:41.432488: Task ID: 72abfb33-97b2-4adf-940e-025e0e7ae3b7
Files to process: 1
Force upload: False
Username: Adnak


================================================================================
2026-03-21 07:36:19.473102: RECEIVED PROCESS REQUEST
Task ID: cca40a08-5ca7-44c4-9027-97fa4b81afda
Files: ['Adnak/sales/20260321_073616_11184f_scaled_1000052575_1774078571340_294129473_compressed.jpg']
Force upload: False
================================================================================


BACKGROUND TASK STARTED
2026-03-21 07:36:19.474141: Task ID: cca40a08-5ca7-44c4-9027-97fa4b81afda
Files to process: 1
Force upload: False
Username: Adnak


================================================================================
2026-03-21 07:53:51.626103: RECEIVED PROCESS REQUEST
Task ID: 08d7cf4e-4ecc-4bdc-bf16-55e6f269066f
Files: ['Adnak/sales/20260321_075348_c5630b_scaled_1000052573_1774079626385_182548746_compressed.jpg']
Force upload: False
================================================================================


BACKGROUND TASK STARTED
2026-03-21 07:53:51.626613: Task ID: 08d7cf4e-4ecc-4bdc-bf16-55e6f269066f
Files to process: 1
Force upload: False
Username: Adnak


================================================================================
2026-03-21 09:12:26.120278: RECEIVED PROCESS REQUEST
Task ID: f145abc2-b4e2-4c21-b2d2-e14782bea39d
Files: ['Adnak/sales/20260321_091221_2ddfc6_scaled_1000052500_1774084338601_115270852_compressed.jpg', 'Adnak/sales/20260321_091221_cf066b_scaled_1000052437_1774084338601_163158524_compressed.jpg']
Force upload: False
================================================================================


BACKGROUND TASK STARTED
2026-03-21 09:12:26.122495: Task ID: f145abc2-b4e2-4c21-b2d2-e14782bea39d
Files to process: 2
Force upload: False
Username: Adnak


================================================================================
2026-03-21 10:32:07.636973: RECEIVED PROCESS REQUEST
Task ID: a7fa09db-3796-49c2-bc25-3cf877bd5071
Files: ['Adnak/sales/20260321_103204_91f21d_scaled_1000052541_1774089122847_69467742_compressed.jpg']
Force upload: False
================================================================================


BACKGROUND TASK STARTED
2026-03-21 10:32:07.638322: Task ID: a7fa09db-3796-49c2-bc25-3cf877bd5071
Files to process: 1
Force upload: False
Username: Adnak


================================================================================
2026-03-21 10:57:58.987622: RECEIVED PROCESS REQUEST
Task ID: f4c63e9d-ccb0-4bac-9118-aeacbdb6fc92
Files: ['Adnak/sales/20260321_105756_25e726_scaled_1000052556_1774090674408_757440933_compressed.jpg']
Force upload: False
================================================================================


BACKGROUND TASK STARTED
2026-03-21 10:57:58.989202: Task ID: f4c63e9d-ccb0-4bac-9118-aeacbdb6fc92
Files to process: 1
Force upload: False
Username: Adnak

